<?xml version="1.0" encoding="UTF-8"?>
<!-- Generated by org.testng.reporters.JUnitReportReporter -->
<testsuite hostname="RT-LT-529" failures="0" tests="1" name="tests.Form1_Submission" time="69.978" errors="0" timestamp="2024-08-26T22:47:00 PKT" skipped="0">
  <testcase classname="tests.Form1_Submission" name="testForm1Submission" time="69.978"/>
  <system-out/>
</testsuite> <!-- tests.Form1_Submission -->
