<?xml version="1.0" encoding="UTF-8"?>
<!-- Generated by org.testng.reporters.JUnitReportReporter -->
<testsuite hostname="RT-LT-529" failures="0" tests="1" name="Pages.Free_Quote" time="18.874" errors="0" timestamp="2024-07-29T10:54:25 PKT" skipped="0">
  <testcase classname="Pages.Free_Quote" name="CreateRecord" time="18.874"/>
</testsuite> <!-- Pages.Free_Quote -->
