<?xml version="1.0" encoding="UTF-8"?>
<!-- Generated by org.testng.reporters.JUnitReportReporter -->
<testsuite hostname="RT-LT-529" failures="0" tests="1" name="tests.Form_Submission" time="63.613" errors="0" timestamp="2024-08-05T16:58:43 PKT" skipped="0">
  <testcase classname="tests.Form_Submission" name="testForm1Submission" time="63.613"/>
  <system-out/>
</testsuite> <!-- tests.Form_Submission -->
