<?xml version="1.0" encoding="UTF-8"?>
<!-- Generated by org.testng.reporters.JUnitReportReporter -->
<testsuite hostname="RT-LT-529" failures="0" tests="1" name="tests.Form1_Submission" time="55.273" errors="0" timestamp="2024-08-12T10:20:02 PKT" skipped="0">
  <testcase classname="tests.Form1_Submission" name="testForm2Submission" time="55.273"/>
  <system-out/>
</testsuite> <!-- tests.Form1_Submission -->
